<?xml version="1.0" encoding="UTF-8"?>
<!-- Generated by org.testng.reporters.JUnitXMLReporter -->
<testsuite ignored="0" hostname="IBM-FC7SCF4" failures="0" tests="3" name="Default test" time="64.767" errors="0" timestamp="2026-06-15T23:55:47 IST">
  <testcase classname="Rahulshettyacademy.Test.SubmitOrder" name="submitorder" time="15.935"/>
  <testcase classname="Rahulshettyacademy.Test.SubmitOrder" name="submitorder" time="15.951"/>
  <testcase classname="Rahulshettyacademy.Test.SubmitOrder" name="ordersPage" time="2.116"/>
</testsuite> <!-- Default test -->
