<?xml version="1.0" encoding="UTF-8"?>
<!-- Generated by org.testng.reporters.JUnitXMLReporter -->
<testsuite ignored="0" hostname="IBM-FC7SCF4" failures="1" tests="5" name="Test" time="70.453" errors="0" timestamp="2026-06-15T23:56:39 IST">
  <testcase classname="Rahulshettyacademy.Test.ErrorValidations" name="submitorder" time="1.084">
    <skipped/>
  </testcase> <!-- submitorder -->
  <testcase classname="Rahulshettyacademy.Test.ErrorValidations" name="submitorder" time="0.817">
    <failure type="java.lang.AssertionError" message="expected:&amp;lt;Incorrect email pass@word.&amp;gt; but was:&amp;lt;Incorrect email or password.&amp;gt;">
      <![CDATA[java.lang.AssertionError: expected:<Incorrect email pass@word.> but was:<Incorrect email or password.>
at Rahulshettyacademy.Test.ErrorValidations.submitorder(ErrorValidations.java:23)
at java.base/java.util.ArrayList.forEach(ArrayList.java:1511)
at java.base/java.util.concurrent.FutureTask.run(FutureTask.java:264)
at java.base/java.util.concurrent.ThreadPoolExecutor.runWorker(ThreadPoolExecutor.java:1136)
at java.base/java.util.concurrent.ThreadPoolExecutor$Worker.run(ThreadPoolExecutor.java:635)
at java.base/java.lang.Thread.run(Thread.java:842)
... Removed 19 stack frames]]>
    </failure>
  </testcase> <!-- submitorder -->
  <testcase classname="Rahulshettyacademy.Test.SubmitOrder" name="submitorder" time="15.873"/>
  <testcase classname="Rahulshettyacademy.Test.SubmitOrder" name="submitorder" time="16.164"/>
  <testcase classname="Rahulshettyacademy.Test.SubmitOrder" name="ordersPage" time="0.92"/>
</testsuite> <!-- Test -->
