<?xml version="1.0" encoding="UTF-8"?>
<!-- Generated by org.testng.reporters.JUnitReportReporter -->
<testsuite hostname="IBM-FC7SCF4" failures="0" tests="3" name="Rahulshettyacademy.Test.SubmitOrder" time="46.704" errors="0" timestamp="2026-06-15T23:56:39 IST" skipped="0">
  <testcase classname="Rahulshettyacademy.Test.SubmitOrder" name="submitorder" time="18.836"/>
  <testcase classname="Rahulshettyacademy.Test.SubmitOrder" name="submitorder" time="21.364"/>
  <testcase classname="Rahulshettyacademy.Test.SubmitOrder" name="ordersPage" time="6.504"/>
</testsuite> <!-- Rahulshettyacademy.Test.SubmitOrder -->
